
Circuit 1 cell sky130_fd_pr__nfet_01v8 and Circuit 2 cell sky130_fd_pr__nfet_01v8 are black boxes.
Warning: Equate pins:  cell sky130_fd_pr__nfet_01v8 is a placeholder, treated as a black box.
Warning: Equate pins:  cell sky130_fd_pr__nfet_01v8 is a placeholder, treated as a black box.

Subcircuit pins:
Circuit 1: sky130_fd_pr__nfet_01v8         |Circuit 2: sky130_fd_pr__nfet_01v8         
-------------------------------------------|-------------------------------------------
1                                          |1                                          
2                                          |2                                          
3                                          |3                                          
4                                          |4                                          
---------------------------------------------------------------------------------------
Cell pin lists are equivalent.
Device classes sky130_fd_pr__nfet_01v8 and sky130_fd_pr__nfet_01v8 are equivalent.
Flattening unmatched subcell sky130_fd_pr__nfet_01v8_6H9P4D in circuit nmoscs2 (0)(4 instances)
Flattening unmatched subcell sky130_fd_pr__nfet_01v8_YJHC9X in circuit nmoscs2 (0)(1 instance)

Class nmoscs2 (0):  Merged 8 parallel devices.
Subcircuit summary:
Circuit 1: nmoscs2                         |Circuit 2: nmoscs2                         
-------------------------------------------|-------------------------------------------
sky130_fd_pr__nfet_01v8 (12->4)            |sky130_fd_pr__nfet_01v8 (12->4)            
Number of devices: 4                       |Number of devices: 4                       
Number of nets: 3                          |Number of nets: 3                          
---------------------------------------------------------------------------------------
Netlists match uniquely.

Subcircuit pins:
Circuit 1: nmoscs2                         |Circuit 2: nmoscs2                         
-------------------------------------------|-------------------------------------------
d8                                         |D8                                         
gnd                                        |GND                                        
d9                                         |D9                                         
---------------------------------------------------------------------------------------
Cell pin lists are equivalent.
Device classes nmoscs2 and nmoscs2 are equivalent.

Final result: Circuits match uniquely.
.
